c:\users\antony\desktop\dragonballonline\dboserver\ntlbaselib\x64\release\cipher.obj
c:\users\antony\desktop\dragonballonline\dboserver\ntlbaselib\x64\release\cipherbase.obj
c:\users\antony\desktop\dragonballonline\dboserver\ntlbaselib\x64\release\cipherdes.obj
c:\users\antony\desktop\dragonballonline\dboserver\ntlbaselib\x64\release\cipherrsa.obj
c:\users\antony\desktop\dragonballonline\dboserver\ntlbaselib\x64\release\dynamicobjecttable.obj
c:\users\antony\desktop\dragonballonline\dboserver\ntlbaselib\x64\release\gamestring.obj
c:\users\antony\desktop\dragonballonline\dboserver\ntlbaselib\x64\release\htbsettable.obj
c:\users\antony\desktop\dragonballonline\dboserver\ntlbaselib\x64\release\logic.obj
c:\users\antony\desktop\dragonballonline\dboserver\ntlbaselib\x64\release\ntlitem.obj
c:\users\antony\desktop\dragonballonline\dboserver\ntlbaselib\x64\release\ntlreport.obj
c:\users\antony\desktop\dragonballonline\dboserver\ntlbaselib\x64\release\ntlworld.obj
c:\users\antony\desktop\dragonballonline\dboserver\ntlbaselib\x64\release\questitemtable.obj
c:\users\antony\desktop\dragonballonline\dboserver\ntlbaselib\x64\release\setitemtable.obj
c:\users\antony\desktop\dragonballonline\dboserver\ntlbaselib\x64\release\tablefilenamelist.obj
c:\users\antony\desktop\dragonballonline\dboserver\ntlbaselib\x64\release\vehicletable.obj
c:\users\antony\desktop\dragonballonline\dboserver\ntlbaselib\x64\release\chatcommandtable.obj
c:\users\antony\desktop\dragonballonline\dboserver\ntlbaselib\x64\release\dungeontable.obj
c:\users\antony\desktop\dragonballonline\dboserver\ntlbaselib\x64\release\gamemaniatimetable.obj
c:\users\antony\desktop\dragonballonline\dboserver\ntlbaselib\x64\release\itemmixmachinetable.obj
c:\users\antony\desktop\dragonballonline\dboserver\ntlbaselib\x64\release\merchanttable.obj
c:\users\antony\desktop\dragonballonline\dboserver\ntlbaselib\x64\release\ntlavatar.obj
c:\users\antony\desktop\dragonballonline\dboserver\ntlbaselib\x64\release\ntlbitflagmanager.obj
c:\users\antony\desktop\dragonballonline\dboserver\ntlbaselib\x64\release\ntlcharacterstate.obj
c:\users\antony\desktop\dragonballonline\dboserver\ntlbaselib\x64\release\ntlmovement.obj
c:\users\antony\desktop\dragonballonline\dboserver\ntlbaselib\x64\release\ntlskill.obj
c:\users\antony\desktop\dragonballonline\dboserver\ntlbaselib\x64\release\objecttable.obj
c:\users\antony\desktop\dragonballonline\dboserver\ntlbaselib\x64\release\questtextdatatable.obj
c:\users\antony\desktop\dragonballonline\dboserver\ntlbaselib\x64\release\superiordroptable.obj
c:\users\antony\desktop\dragonballonline\dboserver\ntlbaselib\x64\release\timequesttable.obj
c:\users\antony\desktop\dragonballonline\dboserver\ntlbaselib\x64\release\worldzonetable.obj
c:\users\antony\desktop\dragonballonline\dboserver\ntlbaselib\x64\release\cipheraes.obj
c:\users\antony\desktop\dragonballonline\dboserver\ntlbaselib\x64\release\cipherblowfish.obj
c:\users\antony\desktop\dragonballonline\dboserver\ntlbaselib\x64\release\ciphermd5.obj
c:\users\antony\desktop\dragonballonline\dboserver\ntlbaselib\x64\release\ciphertripledes.obj
c:\users\antony\desktop\dragonballonline\dboserver\ntlbaselib\x64\release\eachdroptable.obj
c:\users\antony\desktop\dragonballonline\dboserver\ntlbaselib\x64\release\helptable.obj
c:\users\antony\desktop\dragonballonline\dboserver\ntlbaselib\x64\release\itemtable.obj
c:\users\antony\desktop\dragonballonline\dboserver\ntlbaselib\x64\release\newbietable.obj
c:\users\antony\desktop\dragonballonline\dboserver\ntlbaselib\x64\release\ntlobject.obj
c:\users\antony\desktop\dragonballonline\dboserver\ntlbaselib\x64\release\ntlvector.obj
c:\users\antony\desktop\dragonballonline\dboserver\ntlbaselib\x64\release\questdroptable.obj
c:\users\antony\desktop\dragonballonline\dboserver\ntlbaselib\x64\release\serializer.obj
c:\users\antony\desktop\dragonballonline\dboserver\ntlbaselib\x64\release\stdafx.obj
c:\users\antony\desktop\dragonballonline\dboserver\ntlbaselib\x64\release\tablecontainer.obj
c:\users\antony\desktop\dragonballonline\dboserver\ntlbaselib\x64\release\worldtable.obj
c:\users\antony\desktop\dragonballonline\dboserver\ntlbaselib\x64\release\chattingfiltertable.obj
c:\users\antony\desktop\dragonballonline\dboserver\ntlbaselib\x64\release\dragonballtable.obj
c:\users\antony\desktop\dragonballonline\dboserver\ntlbaselib\x64\release\guidehinttable.obj
c:\users\antony\desktop\dragonballonline\dboserver\ntlbaselib\x64\release\itemupgradetable.obj
c:\users\antony\desktop\dragonballonline\dboserver\ntlbaselib\x64\release\normaldroptable.obj
c:\users\antony\desktop\dragonballonline\dboserver\ntlbaselib\x64\release\ntlpetition.obj
c:\users\antony\desktop\dragonballonline\dboserver\ntlbaselib\x64\release\questnarrationtable.obj
c:\users\antony\desktop\dragonballonline\dboserver\ntlbaselib\x64\release\skilltable.obj
c:\users\antony\desktop\dragonballonline\dboserver\ntlbaselib\x64\release\textalltable.obj
c:\users\antony\desktop\dragonballonline\dboserver\ntlbaselib\x64\release\worldpathtable.obj
c:\users\antony\desktop\dragonballonline\dboserver\ntlbaselib\x64\release\basicdroptable.obj
c:\users\antony\desktop\dragonballonline\dboserver\ntlbaselib\x64\release\ciphertwofish.obj
c:\users\antony\desktop\dragonballonline\dboserver\ntlbaselib\x64\release\event.obj
c:\users\antony\desktop\dragonballonline\dboserver\ntlbaselib\x64\release\excellentdroptable.obj
c:\users\antony\desktop\dragonballonline\dboserver\ntlbaselib\x64\release\hlsitemtable.obj
c:\users\antony\desktop\dragonballonline\dboserver\ntlbaselib\x64\release\landmarktable.obj
c:\users\antony\desktop\dragonballonline\dboserver\ntlbaselib\x64\release\npcspeechtable.obj
c:\users\antony\desktop\dragonballonline\dboserver\ntlbaselib\x64\release\ntlstringhandler.obj
c:\users\antony\desktop\dragonballonline\dboserver\ntlbaselib\x64\release\questrewardtable.obj
c:\users\antony\desktop\dragonballonline\dboserver\ntlbaselib\x64\release\statustransformtable.obj
c:\users\antony\desktop\dragonballonline\dboserver\ntlbaselib\x64\release\textservertable.obj
c:\users\antony\desktop\dragonballonline\dboserver\ntlbaselib\x64\release\worldplaytable.obj
c:\users\antony\desktop\dragonballonline\dboserver\ntlbaselib\x64\release\charmtable.obj
c:\users\antony\desktop\dragonballonline\dboserver\ntlbaselib\x64\release\dojotable.obj
c:\users\antony\desktop\dragonballonline\dboserver\ntlbaselib\x64\release\fileserializer.obj
c:\users\antony\desktop\dragonballonline\dboserver\ntlbaselib\x64\release\itemoptiontable.obj
c:\users\antony\desktop\dragonballonline\dboserver\ntlbaselib\x64\release\mobtable.obj
c:\users\antony\desktop\dragonballonline\dboserver\ntlbaselib\x64\release\ntlbbox.obj
c:\users\antony\desktop\dragonballonline\dboserver\ntlbaselib\x64\release\ntlcharacter.obj
c:\users\antony\desktop\dragonballonline\dboserver\ntlbaselib\x64\release\ntlline.obj
c:\users\antony\desktop\dragonballonline\dboserver\ntlbaselib\x64\release\ntlrandom.obj
c:\users\antony\desktop\dragonballonline\dboserver\ntlbaselib\x64\release\ntlsvrmath.obj
c:\users\antony\desktop\dragonballonline\dboserver\ntlbaselib\x64\release\portaltable.obj
c:\users\antony\desktop\dragonballonline\dboserver\ntlbaselib\x64\release\scriptlinktable.obj
c:\users\antony\desktop\dragonballonline\dboserver\ntlbaselib\x64\release\table.obj
c:\users\antony\desktop\dragonballonline\dboserver\ntlbaselib\x64\release\useitemtable.obj
c:\users\antony\desktop\dragonballonline\dboserver\ntlbaselib\x64\release\budokaitable.obj
c:\users\antony\desktop\dragonballonline\dboserver\ntlbaselib\x64\release\dragonballrewardtable.obj
c:\users\antony\desktop\dragonballonline\dboserver\ntlbaselib\x64\release\formulatable.obj
c:\users\antony\desktop\dragonballonline\dboserver\ntlbaselib\x64\release\itemrecipetable.obj
c:\users\antony\desktop\dragonballonline\dboserver\ntlbaselib\x64\release\mobmovepatterntable.obj
c:\users\antony\desktop\dragonballonline\dboserver\ntlbaselib\x64\release\ntlbattle.obj
c:\users\antony\desktop\dragonballonline\dboserver\ntlbaselib\x64\release\ntlbudokai.obj
c:\users\antony\desktop\dragonballonline\dboserver\ntlbaselib\x64\release\ntlguild.obj
c:\users\antony\desktop\dragonballonline\dboserver\ntlbaselib\x64\release\ntlnetp.obj
c:\users\antony\desktop\dragonballonline\dboserver\ntlbaselib\x64\release\ntlservice.obj
c:\users\antony\desktop\dragonballonline\dboserver\ntlbaselib\x64\release\questprobabilitytable.obj
c:\users\antony\desktop\dragonballonline\dboserver\ntlbaselib\x64\release\spawntable.obj
c:\users\antony\desktop\dragonballonline\dboserver\ntlbaselib\x64\release\thread.obj
c:\users\antony\desktop\dragonballonline\dboserver\ntlbaselib\x64\release\worldmaptable.obj
c:\users\antony\desktop\dragonballonline\dboserver\ntlbaselib\x64\release\actiontable.obj
c:\users\antony\desktop\dragonballonline\dboserver\ntlbaselib\x64\release\directionlinktable.obj
c:\users\antony\desktop\dragonballonline\dboserver\ntlbaselib\x64\release\exptable.obj
c:\users\antony\desktop\dragonballonline\dboserver\ntlbaselib\x64\release\hlsmerchanttable.obj
c:\users\antony\desktop\dragonballonline\dboserver\ntlbaselib\x64\release\legendarydroptable.obj
c:\users\antony\desktop\dragonballonline\dboserver\ntlbaselib\x64\release\npctable.obj
c:\users\antony\desktop\dragonballonline\dboserver\ntlbaselib\x64\release\ntlsphere.obj
c:\users\antony\desktop\dragonballonline\dboserver\ntlbaselib\x64\release\pctable.obj
c:\users\antony\desktop\dragonballonline\dboserver\ntlbaselib\x64\release\rankbattletable.obj
c:\users\antony\desktop\dragonballonline\dboserver\ntlbaselib\x64\release\systemeffecttable.obj
c:\users\antony\desktop\dragonballonline\dboserver\ntlbaselib\x64\release\typedroptable.obj
c:\users\antony\desktop\dragonballonline\dboserver\ntlbaselib\x64\release\xmldoc.obj
c:\users\antony\desktop\dragonballonline\dboserver\ntlbaselib\x64\release\ntlbaselib.pdb
c:\users\antony\desktop\dragonballonline\dboserver\build\ntlbaselib.lib
c:\users\antony\desktop\dragonballonline\dboserver\ntlbaselib\x64\release\ntlbaselib.tlog\cl.command.1.tlog
c:\users\antony\desktop\dragonballonline\dboserver\ntlbaselib\x64\release\ntlbaselib.tlog\cl.read.1.tlog
c:\users\antony\desktop\dragonballonline\dboserver\ntlbaselib\x64\release\ntlbaselib.tlog\cl.write.1.tlog
c:\users\antony\desktop\dragonballonline\dboserver\ntlbaselib\x64\release\ntlbaselib.tlog\lib-link.read.1.tlog
c:\users\antony\desktop\dragonballonline\dboserver\ntlbaselib\x64\release\ntlbaselib.tlog\lib-link.write.1.tlog
c:\users\antony\desktop\dragonballonline\dboserver\ntlbaselib\x64\release\ntlbaselib.tlog\lib.command.1.tlog
